
---
To: oyi77.coder@gmail.com
Subject: Test 1ai-engage Integration
Body: Halo Boss, ini tes email dari pipeline 1ai-engage. Integrasi sudah aktif dan siap digunakan untuk kampanye cold outreach BerkahKarya. 🔥

---
To: oyi77.coder@gmail.com
Subject: Test 1ai-engage Integration
Body: Halo Boss, ini tes email dari pipeline 1ai-engage. Integrasi sudah aktif dan siap digunakan untuk kampanye cold outreach BerkahKarya. 🔥

---
To: mbahkoe.pendekar@gmail.com
Subject: Tes Integrasi 1ai-engage BerkahKarya
Body: Halo Mbah, ini Vilona. Email ini dikirim via sistem automation 1ai-engage BerkahKarya buat tes jalur pengiriman gogcli/himalaya. Kalau email ini masuk, berarti sistem kita udah ON FIRE. 🔥

---
To: mbahkoe.pendekar@gmail.com
Subject: Tes Integrasi 1ai-engage BerkahKarya
Body: Halo Mbah, ini Vilona. Email ini dikirim via sistem automation 1ai-engage BerkahKarya buat tes jalur pengiriman gogcli/himalaya. Kalau email ini masuk, berarti sistem kita udah ON FIRE. 🔥

---
To: oyi77.coder@gmail.com
Subject: Tes Jalur AgentCash
Body: Halo Boss, ini tes jalur darurat. Kalau masuk, berarti AgentCash masih ada nyawa. 🔥

---
To: moliangellina@gmail.com
Subject: STATUS: Pipeline Aktif 🔥
Body: Halo Boss, ini Vilona. Email ini bukti kalau jalur Moli Angellina sudah AKTIF TOTAL di sistem. 1ai-engage siap tempur! 🚀

---
To: kontak@limamediagroup.com%20
Subject: Collaboration Proposal from BerkahKarya
Body: Subject: How AI Can Help Lima Media Group Deliver More — Without Adding Headcount

Hi Lima Media Group Team,

I hope this message finds you well. My name is Vilona, and I'm reaching out from BerkahKarya — we help digital agencies like yours scale their service delivery through AI Automation, Digital Marketing, and custom Software Development.

Running a digital agency means juggling client campaigns, content pipelines, reporting, and account management — all at once. As client expectations rise and turnaround times shrink, the pressure to do more with the same team only grows.

Here's what we've been helping agencies solve:

- **Automating repetitive workflows** — from onboarding new clients to generating performance reports — cutting hours of manual work down to minutes.
- **AI-assisted content and campaign tools** — helping your team produce and optimize deliverables faster without sacrificing quality.
- **Custom integrations** — connecting your project management, CRM, and ad platforms so nothing falls through the cracks.

The result: your team spends less time on admin and more time doing the work that actually grows client accounts.

I'd love to get on a quick 20-minute call to understand how Lima Media Group currently operates and share a few specific ideas that might be a fit. No pitch deck, no pressure — just a focused conversation.

Would you be open to connecting this week or next?

Looking forward to hearing from you.

Warm regards,
**Vilona**
BerkahKarya — AI Automation · Digital Marketing · Software Development
